<?xml version="1.0" encoding="UTF-8"?>
<!-- Generated by org.testng.reporters.JUnitXMLReporter -->
<testsuite ignored="0" hostname="THSLT10735" failures="3" tests="10" name="Surefire test" time="17.82" errors="0" timestamp="2025-04-10T13:37:38 IST">
  <testcase classname="api.test.DDTests" name="testPostUser" time="3.549"/>
  <testcase classname="api.test.DDTests" name="testPostUser" time="1.598"/>
  <testcase classname="api.test.DDTests" name="testPostUser" time="1.799"/>
  <testcase classname="api.test.DDTests" name="testDeleteUserByName" time="1.119">
    <failure type="java.lang.AssertionError" message="expected [200] but found [404]">
      <![CDATA[java.lang.AssertionError: expected [200] but found [404]
at api.test.DDTests.testDeleteUserByName(DDTests.java:31)
at java.base/java.util.ArrayList.forEach(ArrayList.java:1597)
... Removed 36 stack frames]]>
    </failure>
  </testcase> <!-- testDeleteUserByName -->
  <testcase classname="api.test.DDTests" name="testDeleteUserByName" time="1.321">
    <failure type="java.lang.AssertionError" message="expected [200] but found [404]">
      <![CDATA[java.lang.AssertionError: expected [200] but found [404]
at api.test.DDTests.testDeleteUserByName(DDTests.java:31)
at java.base/java.util.ArrayList.forEach(ArrayList.java:1597)
... Removed 36 stack frames]]>
    </failure>
  </testcase> <!-- testDeleteUserByName -->
  <testcase classname="api.test.DDTests" name="testDeleteUserByName" time="1.153"/>
  <testcase classname="api.test.UserTests" name="testpostuser" time="1.157"/>
  <testcase classname="api.test.UserTests" name="testgetuser" time="1.057"/>
  <testcase classname="api.test.UserTests" name="testupdateUserByName" time="2.249"/>
  <testcase classname="api.test.UserTests" name="deleteuserByName" time="1.271">
    <failure type="java.lang.AssertionError" message="expected [200] but found [404]">
      <![CDATA[java.lang.AssertionError: expected [200] but found [404]
at api.test.UserTests.deleteuserByName(UserTests.java:61)
at java.base/java.util.ArrayList.forEach(ArrayList.java:1597)
... Removed 36 stack frames]]>
    </failure>
  </testcase> <!-- deleteuserByName -->
</testsuite> <!-- Surefire test -->
