<?xml version="1.0" encoding="UTF-8"?>
<!-- Generated by org.testng.reporters.JUnitXMLReporter -->
<testsuite ignored="0" hostname="THSLT10735" failures="0" tests="4" name="Test" time="14.089" errors="0" timestamp="2025-04-10T11:48:04 IST">
  <testcase classname="api.test.UserTests" name="testpostuser" time="4.399"/>
  <testcase classname="api.test.UserTests" name="testgetuser" time="1.569"/>
  <testcase classname="api.test.UserTests" name="testupdateUserByName" time="5.218"/>
  <testcase classname="api.test.UserTests" name="deleteuserByName" time="2.232"/>
</testsuite> <!-- Test -->
