<?xml version="1.0" encoding="UTF-8"?>
<testsuite xmlns:xsi="http://www.w3.org/2001/XMLSchema-instance" xsi:noNamespaceSchemaLocation="https://maven.apache.org/surefire/maven-surefire-plugin/xsd/surefire-test-report-3.0.xsd" version="3.0" name="TestSuite" time="18.555" tests="10" errors="0" skipped="0" failures="3">
  <properties>
[...]
</properties>
  <testcase name="testPostUser[1010, testuser1, Ramu, Ra, R@gmail.com, test@1, 1234567891](1)" classname="api.test.DDTests" time="3.544">
    <system-err><![CDATA[SLF4J: Failed to load class "org.slf4j.impl.StaticLoggerBinder".
SLF4J: Defaulting to no-operation (NOP) logger implementation
SLF4J: See http://www.slf4j.org/codes.html#StaticLoggerBinder for further details.
ERROR StatusLogger Log4j2 could not find a logging implementation. Please add log4j-core to the classpath. Using SimpleLogger to log to the console...
]]></system-err>
  </testcase>
  <testcase name="testPostUser[1020, testuser2, Somu, So, S@gmail.com, test@2, 1234567891](2)" classname="api.test.DDTests" time="1.598"/>
  <testcase name="testPostUser[1030, testuser3, Pamu, Pa, P@gmail.com, test@3, 1234567891](3)" classname="api.test.DDTests" time="1.798"/>
  <testcase name="testDeleteUserByName[testuser1](1)" classname="api.test.DDTests" time="1.126">
    <failure message="expected [200] but found [404]" type="java.lang.AssertionError"><![CDATA[java.lang.AssertionError: expected [200] but found [404]
	at api.test.DDTests.testDeleteUserByName(DDTests.java:31)
]]></failure>
  </testcase>
  <testcase name="testDeleteUserByName[testuser2](2)" classname="api.test.DDTests" time="1.321">
    <failure message="expected [200] but found [404]" type="java.lang.AssertionError"><![CDATA[java.lang.AssertionError: expected [200] but found [404]
	at api.test.DDTests.testDeleteUserByName(DDTests.java:31)
]]></failure>
  </testcase>
  <testcase name="testDeleteUserByName[testuser3](3)" classname="api.test.DDTests" time="1.155"/>
  <testcase name="testpostuser" classname="api.test.UserTests" time="1.156">
    <system-out><![CDATA[HTTP/1.1 200 OK
Date: Thu, 10 Apr 2025 08:07:33 GMT
Content-Type: application/json
Transfer-Encoding: chunked
Connection: keep-alive
Access-Control-Allow-Origin: *
Access-Control-Allow-Methods: GET, POST, DELETE, PUT
Access-Control-Allow-Headers: Content-Type, api_key, Authorization
Server: Jetty(9.2.9.v20150224)

{
    "code": 200,
    "type": "unknown",
    "message": "171751994"
}
]]></system-out>
  </testcase>
  <testcase name="testgetuser" classname="api.test.UserTests" time="1.059">
    <system-out><![CDATA[HTTP/1.1 200 OK
Date: Thu, 10 Apr 2025 08:07:34 GMT
Content-Type: application/json
Transfer-Encoding: chunked
Connection: keep-alive
Access-Control-Allow-Origin: *
Access-Control-Allow-Methods: GET, POST, DELETE, PUT
Access-Control-Allow-Headers: Content-Type, api_key, Authorization
Server: Jetty(9.2.9.v20150224)

{
    "id": 171751994,
    "username": "meda.marvin",
    "email": "ladawn.walter@example.com",
    "password": "5idq6",
    "phone": "446-616-6129",
    "userStatus": 0
}
]]></system-out>
  </testcase>
  <testcase name="testupdateUserByName" classname="api.test.UserTests" time="2.25">
    <system-out><![CDATA[HTTP/1.1 200 OK
Date: Thu, 10 Apr 2025 08:07:35 GMT
Content-Type: application/json
Transfer-Encoding: chunked
Connection: keep-alive
Access-Control-Allow-Origin: *
Access-Control-Allow-Methods: GET, POST, DELETE, PUT
Access-Control-Allow-Headers: Content-Type, api_key, Authorization
Server: Jetty(9.2.9.v20150224)

{
    "code": 200,
    "type": "unknown",
    "message": "171751994"
}
]]></system-out>
  </testcase>
  <testcase name="deleteuserByName" classname="api.test.UserTests" time="1.272">
    <failure message="expected [200] but found [404]" type="java.lang.AssertionError"><![CDATA[java.lang.AssertionError: expected [200] but found [404]
	at api.test.UserTests.deleteuserByName(UserTests.java:61)
]]></failure>
  </testcase>
</testsuite>