<?xml version="1.0" encoding="UTF-8"?>
<testng-results ignored="0" total="4" passed="4" failed="0" skipped="0">
  <reporter-output>
  </reporter-output>
  <suite started-at="2025-04-10T11:47:49 IST" name="Suite" finished-at="2025-04-10T11:48:03 IST" duration-ms="14089">
    <groups>
    </groups>
    <test started-at="2025-04-10T11:47:49 IST" name="Test" finished-at="2025-04-10T11:48:03 IST" duration-ms="14089">
      <class name="api.test.UserTests">
        <test-method is-config="true" signature="setUpdata()[pri:0, instance:api.test.UserTests@3b0090a4]" started-at="2025-04-10T11:47:50 IST" name="setUpdata" finished-at="2025-04-10T11:47:50 IST" duration-ms="242" status="PASS">
          <reporter-output>
          </reporter-output>
        </test-method> <!-- setUpdata -->
        <test-method signature="testpostuser()[pri:1, instance:api.test.UserTests@3b0090a4]" started-at="2025-04-10T11:47:50 IST" name="testpostuser" finished-at="2025-04-10T11:47:54 IST" duration-ms="4399" status="PASS">
          <reporter-output>
          </reporter-output>
        </test-method> <!-- testpostuser -->
        <test-method signature="testgetuser()[pri:2, instance:api.test.UserTests@3b0090a4]" started-at="2025-04-10T11:47:54 IST" name="testgetuser" finished-at="2025-04-10T11:47:56 IST" duration-ms="1569" status="PASS">
          <reporter-output>
          </reporter-output>
        </test-method> <!-- testgetuser -->
        <test-method signature="testupdateUserByName()[pri:3, instance:api.test.UserTests@3b0090a4]" started-at="2025-04-10T11:47:56 IST" name="testupdateUserByName" finished-at="2025-04-10T11:48:01 IST" duration-ms="5218" status="PASS">
          <reporter-output>
          </reporter-output>
        </test-method> <!-- testupdateUserByName -->
        <test-method signature="deleteuserByName()[pri:4, instance:api.test.UserTests@3b0090a4]" started-at="2025-04-10T11:48:01 IST" name="deleteuserByName" finished-at="2025-04-10T11:48:03 IST" duration-ms="2232" status="PASS">
          <reporter-output>
          </reporter-output>
        </test-method> <!-- deleteuserByName -->
      </class> <!-- api.test.UserTests -->
    </test> <!-- Test -->
  </suite> <!-- Suite -->
</testng-results>
